<?xml version="1.0" encoding="UTF-8"?>
<testng-results ignored="0" total="2" passed="2" failed="0" skipped="0">
  <reporter-output>
    <line>
      <![CDATA[LoginPage Title:: #1 Free CRM software in the cloud for sales and service]]>
    </line>
    <line>
      <![CDATA[Entered Username :maheshn]]>
    </line>
    <line>
      <![CDATA[Entered Password:test@123]]>
    </line>
    <line>
      <![CDATA[Clicked on Login Button]]>
    </line>
    <line>
      <![CDATA[LoginPage Title:: #1 Free CRM software in the cloud for sales and service]]>
    </line>
    <line>
      <![CDATA[Entered Username :maheshn]]>
    </line>
    <line>
      <![CDATA[Entered Password:test@123]]>
    </line>
    <line>
      <![CDATA[Clicked on Login Button]]>
    </line>
  </reporter-output>
  <suite started-at="2019-01-11T04:56:35Z" name="Suite" finished-at="2019-01-11T04:57:14Z" duration-ms="39475">
    <groups>
    </groups>
    <test started-at="2019-01-11T04:56:35Z" name="FirefoxTest" finished-at="2019-01-11T04:56:59Z" duration-ms="24452">
      <class name="com.qa.test.LoginTest">
        <test-method is-config="true" signature="setUp(java.lang.String)[pri:0, instance:com.qa.test.LoginTest@6ca8564a]" started-at="2019-01-11T10:26:35Z" name="setUp" finished-at="2019-01-11T10:26:51Z" duration-ms="16254" status="PASS">
          <params>
            <param index="0">
              <value>
                <![CDATA[firefox]]>
              </value>
            </param>
          </params>
          <reporter-output>
          </reporter-output>
        </test-method> <!-- setUp -->
        <test-method signature="verifyLogin()[pri:0, instance:com.qa.test.LoginTest@6ca8564a]" started-at="2019-01-11T10:26:51Z" name="verifyLogin" finished-at="2019-01-11T10:26:59Z" duration-ms="7624" status="PASS">
          <reporter-output>
            <line>
              <![CDATA[LoginPage Title:: #1 Free CRM software in the cloud for sales and service]]>
            </line>
            <line>
              <![CDATA[Entered Username :maheshn]]>
            </line>
            <line>
              <![CDATA[Entered Password:test@123]]>
            </line>
            <line>
              <![CDATA[Clicked on Login Button]]>
            </line>
          </reporter-output>
        </test-method> <!-- verifyLogin -->
        <test-method is-config="true" signature="tearDown()[pri:0, instance:com.qa.test.LoginTest@6ca8564a]" started-at="2019-01-11T10:26:59Z" name="tearDown" finished-at="2019-01-11T10:26:59Z" duration-ms="560" status="PASS">
          <reporter-output>
          </reporter-output>
        </test-method> <!-- tearDown -->
      </class> <!-- com.qa.test.LoginTest -->
    </test> <!-- FirefoxTest -->
    <test started-at="2019-01-11T04:57:00Z" name="ChromeTest" finished-at="2019-01-11T04:57:14Z" duration-ms="14734">
      <class name="com.qa.test.LoginTest">
        <test-method is-config="true" signature="setUp(java.lang.String)[pri:0, instance:com.qa.test.LoginTest@708f5957]" started-at="2019-01-11T10:27:00Z" name="setUp" finished-at="2019-01-11T10:27:06Z" duration-ms="6101" status="PASS">
          <params>
            <param index="0">
              <value>
                <![CDATA[chrome]]>
              </value>
            </param>
          </params>
          <reporter-output>
          </reporter-output>
        </test-method> <!-- setUp -->
        <test-method signature="verifyLogin()[pri:0, instance:com.qa.test.LoginTest@708f5957]" started-at="2019-01-11T10:27:06Z" name="verifyLogin" finished-at="2019-01-11T10:27:14Z" duration-ms="8464" status="PASS">
          <reporter-output>
            <line>
              <![CDATA[LoginPage Title:: #1 Free CRM software in the cloud for sales and service]]>
            </line>
            <line>
              <![CDATA[Entered Username :maheshn]]>
            </line>
            <line>
              <![CDATA[Entered Password:test@123]]>
            </line>
            <line>
              <![CDATA[Clicked on Login Button]]>
            </line>
          </reporter-output>
        </test-method> <!-- verifyLogin -->
        <test-method is-config="true" signature="tearDown()[pri:0, instance:com.qa.test.LoginTest@708f5957]" started-at="2019-01-11T10:27:14Z" name="tearDown" finished-at="2019-01-11T10:27:14Z" duration-ms="168" status="PASS">
          <reporter-output>
          </reporter-output>
        </test-method> <!-- tearDown -->
      </class> <!-- com.qa.test.LoginTest -->
    </test> <!-- ChromeTest -->
  </suite> <!-- Suite -->
</testng-results>
