<?xml version="1.0" encoding="UTF-8"?>
<testng-results ignored="0" total="2" passed="2" failed="0" skipped="0">
  <reporter-output>
    <line>
      <![CDATA[Wait for few seconds let the page to be loaded successfully.............]]>
    </line>
    <line>
      <![CDATA[Wait for few seconds let the page to be loaded successfully.............]]>
    </line>
    <line>
      <![CDATA[LoginPage Title:: #1 Free CRM software in the cloud for sales and service]]>
    </line>
    <line>
      <![CDATA[Entered Username :maheshn]]>
    </line>
    <line>
      <![CDATA[Entered Password:test@123]]>
    </line>
    <line>
      <![CDATA[Clicked on Login Button]]>
    </line>
    <line>
      <![CDATA[Wait for few seconds let the page to be loaded successfully.............]]>
    </line>
    <line>
      <![CDATA[Switched to MainPanel Frame]]>
    </line>
    <line>
      <![CDATA[Clicked on Logout Button]]>
    </line>
    <line>
      <![CDATA[Wait for few seconds let the page to be loaded successfully.............]]>
    </line>
    <line>
      <![CDATA[Wait for few seconds let the page to be loaded successfully.............]]>
    </line>
    <line>
      <![CDATA[Wait for few seconds let the page to be loaded successfully.............]]>
    </line>
    <line>
      <![CDATA[LoginPage Title:: #1 Free CRM software in the cloud for sales and service]]>
    </line>
    <line>
      <![CDATA[Entered Username :maheshn]]>
    </line>
    <line>
      <![CDATA[Entered Password:test@123]]>
    </line>
    <line>
      <![CDATA[Clicked on Login Button]]>
    </line>
    <line>
      <![CDATA[Wait for few seconds let the page to be loaded successfully.............]]>
    </line>
    <line>
      <![CDATA[Switched to MainPanel Frame]]>
    </line>
    <line>
      <![CDATA[Clicked on Logout Button]]>
    </line>
    <line>
      <![CDATA[Wait for few seconds let the page to be loaded successfully.............]]>
    </line>
  </reporter-output>
  <suite started-at="2019-01-12T04:45:33Z" name="Suite" finished-at="2019-01-12T04:46:06Z" duration-ms="32649">
    <groups>
    </groups>
    <test started-at="2019-01-12T04:45:33Z" name="FirefoxTest" finished-at="2019-01-12T04:45:53Z" duration-ms="19495">
      <class name="com.qa.test.LoginTest">
        <test-method is-config="true" signature="setUp(java.lang.String)[pri:0, instance:com.qa.test.LoginTest@55b0dcab]" started-at="2019-01-12T10:15:33Z" name="setUp" finished-at="2019-01-12T10:15:45Z" duration-ms="11658" status="PASS">
          <params>
            <param index="0">
              <value>
                <![CDATA[firefox]]>
              </value>
            </param>
          </params>
          <reporter-output>
            <line>
              <![CDATA[Wait for few seconds let the page to be loaded successfully.............]]>
            </line>
          </reporter-output>
        </test-method> <!-- setUp -->
        <test-method signature="verifyLogin()[pri:0, instance:com.qa.test.LoginTest@55b0dcab]" started-at="2019-01-12T10:15:45Z" name="verifyLogin" finished-at="2019-01-12T10:15:52Z" duration-ms="7263" status="PASS">
          <reporter-output>
            <line>
              <![CDATA[Wait for few seconds let the page to be loaded successfully.............]]>
            </line>
            <line>
              <![CDATA[LoginPage Title:: #1 Free CRM software in the cloud for sales and service]]>
            </line>
            <line>
              <![CDATA[Entered Username :maheshn]]>
            </line>
            <line>
              <![CDATA[Entered Password:test@123]]>
            </line>
            <line>
              <![CDATA[Clicked on Login Button]]>
            </line>
            <line>
              <![CDATA[Wait for few seconds let the page to be loaded successfully.............]]>
            </line>
            <line>
              <![CDATA[Switched to MainPanel Frame]]>
            </line>
            <line>
              <![CDATA[Clicked on Logout Button]]>
            </line>
            <line>
              <![CDATA[Wait for few seconds let the page to be loaded successfully.............]]>
            </line>
          </reporter-output>
        </test-method> <!-- verifyLogin -->
        <test-method is-config="true" signature="tearDown()[pri:0, instance:com.qa.test.LoginTest@55b0dcab]" started-at="2019-01-12T10:15:52Z" name="tearDown" finished-at="2019-01-12T10:15:53Z" duration-ms="557" status="PASS">
          <reporter-output>
          </reporter-output>
        </test-method> <!-- tearDown -->
      </class> <!-- com.qa.test.LoginTest -->
    </test> <!-- FirefoxTest -->
    <test started-at="2019-01-12T04:45:53Z" name="ChromeTest" finished-at="2019-01-12T04:46:06Z" duration-ms="12874">
      <class name="com.qa.test.LoginTest">
        <test-method is-config="true" signature="setUp(java.lang.String)[pri:0, instance:com.qa.test.LoginTest@394df057]" started-at="2019-01-12T10:15:53Z" name="setUp" finished-at="2019-01-12T10:15:58Z" duration-ms="4989" status="PASS">
          <params>
            <param index="0">
              <value>
                <![CDATA[chrome]]>
              </value>
            </param>
          </params>
          <reporter-output>
            <line>
              <![CDATA[Wait for few seconds let the page to be loaded successfully.............]]>
            </line>
          </reporter-output>
        </test-method> <!-- setUp -->
        <test-method signature="verifyLogin()[pri:0, instance:com.qa.test.LoginTest@394df057]" started-at="2019-01-12T10:15:58Z" name="verifyLogin" finished-at="2019-01-12T10:16:06Z" duration-ms="7722" status="PASS">
          <reporter-output>
            <line>
              <![CDATA[Wait for few seconds let the page to be loaded successfully.............]]>
            </line>
            <line>
              <![CDATA[LoginPage Title:: #1 Free CRM software in the cloud for sales and service]]>
            </line>
            <line>
              <![CDATA[Entered Username :maheshn]]>
            </line>
            <line>
              <![CDATA[Entered Password:test@123]]>
            </line>
            <line>
              <![CDATA[Clicked on Login Button]]>
            </line>
            <line>
              <![CDATA[Wait for few seconds let the page to be loaded successfully.............]]>
            </line>
            <line>
              <![CDATA[Switched to MainPanel Frame]]>
            </line>
            <line>
              <![CDATA[Clicked on Logout Button]]>
            </line>
            <line>
              <![CDATA[Wait for few seconds let the page to be loaded successfully.............]]>
            </line>
          </reporter-output>
        </test-method> <!-- verifyLogin -->
        <test-method is-config="true" signature="tearDown()[pri:0, instance:com.qa.test.LoginTest@394df057]" started-at="2019-01-12T10:16:06Z" name="tearDown" finished-at="2019-01-12T10:16:06Z" duration-ms="161" status="PASS">
          <reporter-output>
          </reporter-output>
        </test-method> <!-- tearDown -->
      </class> <!-- com.qa.test.LoginTest -->
    </test> <!-- ChromeTest -->
  </suite> <!-- Suite -->
</testng-results>
